
Processing fitMVAv2.C+("ntuples/ntuBsDG0MC2018.root")...
----- Parameters -----
file_ = ntuples/ntuBsDG0MC2018.root
method_ = DNNOsMuonHLTJpsiMu
useTightSelection_ = 1
nEvents_ = -1
nBinCal_ = 100

----- BEGIN CODE
----- FILE OPEN
----- BOOKING COMPLETED
----- BEGIN LOOP
----- at event 0
----- at event 100000
----- at event 200000
----- at event 300000
----- at event 400000
----- at event 500000
----- at event 600000
----- at event 700000
----- at event 800000
----- at event 900000
----- at event 1000000
----- at event 1100000

----- EVENTS LOOP ENDED
nTot 624858
nRT 216924
nWT 98544
nNT 309390

Base efficiency = 50.4864%
Base mistag = 31.2374%
Base power = 7.10919%

Per-event-mistag power (not calibrated) = 10.9639% (+54.2214%)

BIN 2 -- wCalc 0.0263942 -- nRT 1 +- 1 -- nWT 0 +- 0 -- wMeas 0 +- 0.278099

BIN 3 -- wCalc 0.0366967 -- nRT 8 +- 2 -- nWT 0 +- 0 -- wMeas 0 +- 0.0659572

BIN 4 -- wCalc 0.0462413 -- nRT 48 +- 6 -- nWT 1 +- 1 -- wMeas 0.0204082 +- 0.0241253

BIN 5 -- wCalc 0.0560492 -- nRT 203 +- 14 -- nWT 13 +- 3 -- wMeas 0.0601852 +- 0.0163972

BIN 6 -- wCalc 0.0656233 -- nRT 459 +- 21 -- nWT 34 +- 5 -- wMeas 0.0689655 +- 0.0114676

BIN 7 -- wCalc 0.0754485 -- nRT 779 +- 27 -- nWT 53 +- 7 -- wMeas 0.0637019 +- 0.00849429

BIN 8 -- wCalc 0.0852721 -- nRT 1158 +- 34 -- nWT 105 +- 10 -- wMeas 0.0831354 +- 0.0077797

BIN 9 -- wCalc 0.0952713 -- nRT 1656 +- 40 -- nWT 152 +- 12 -- wMeas 0.0840708 +- 0.00653254

BIN 10 -- wCalc 0.105264 -- nRT 2184 +- 46 -- nWT 254 +- 15 -- wMeas 0.104184 +- 0.0061903

BIN 11 -- wCalc 0.115292 -- nRT 3130 +- 55 -- nWT 365 +- 19 -- wMeas 0.104435 +- 0.00517491

BIN 12 -- wCalc 0.12558 -- nRT 5674 +- 75 -- nWT 866 +- 29 -- wMeas 0.132416 +- 0.00419171

BIN 13 -- wCalc 0.135171 -- nRT 9239 +- 96 -- nWT 1557 +- 39 -- wMeas 0.14422 +- 0.00338137

BIN 14 -- wCalc 0.144773 -- nRT 7931 +- 89 -- nWT 1508 +- 38 -- wMeas 0.159763 +- 0.00377139

BIN 15 -- wCalc 0.154952 -- nRT 6575 +- 81 -- nWT 1229 +- 35 -- wMeas 0.157483 +- 0.00412362

BIN 16 -- wCalc 0.16502 -- nRT 6147 +- 78 -- nWT 1297 +- 36 -- wMeas 0.174234 +- 0.00439658

BIN 17 -- wCalc 0.17501 -- nRT 6366 +- 79 -- nWT 1369 +- 37 -- wMeas 0.176988 +- 0.00433976

BIN 18 -- wCalc 0.185019 -- nRT 6437 +- 80 -- nWT 1501 +- 38 -- wMeas 0.18909 +- 0.00439523

BIN 19 -- wCalc 0.195041 -- nRT 6960 +- 83 -- nWT 1703 +- 41 -- wMeas 0.196583 +- 0.00426995

BIN 20 -- wCalc 0.205029 -- nRT 6987 +- 83 -- nWT 1916 +- 43 -- wMeas 0.215208 +- 0.00435559

BIN 21 -- wCalc 0.214961 -- nRT 7130 +- 84 -- nWT 1992 +- 44 -- wMeas 0.218373 +- 0.00432576

BIN 22 -- wCalc 0.224981 -- nRT 7116 +- 84 -- nWT 2083 +- 45 -- wMeas 0.226438 +- 0.00436373

BIN 23 -- wCalc 0.234991 -- nRT 6890 +- 83 -- nWT 2160 +- 46 -- wMeas 0.238674 +- 0.00448092

BIN 24 -- wCalc 0.245026 -- nRT 6561 +- 81 -- nWT 2219 +- 47 -- wMeas 0.252733 +- 0.00463791

BIN 25 -- wCalc 0.254993 -- nRT 6543 +- 80 -- nWT 2313 +- 48 -- wMeas 0.261179 +- 0.00466788

BIN 26 -- wCalc 0.264973 -- nRT 6072 +- 77 -- nWT 2332 +- 48 -- wMeas 0.277487 +- 0.00488425

BIN 27 -- wCalc 0.274967 -- nRT 6044 +- 77 -- nWT 2348 +- 48 -- wMeas 0.27979 +- 0.00490015

BIN 28 -- wCalc 0.28496 -- nRT 5778 +- 76 -- nWT 2477 +- 49 -- wMeas 0.300061 +- 0.00504393

BIN 29 -- wCalc 0.294975 -- nRT 5617 +- 74 -- nWT 2450 +- 49 -- wMeas 0.303706 +- 0.00511988

BIN 30 -- wCalc 0.305035 -- nRT 5478 +- 74 -- nWT 2410 +- 49 -- wMeas 0.305527 +- 0.00518634

BIN 31 -- wCalc 0.314968 -- nRT 5275 +- 72 -- nWT 2440 +- 49 -- wMeas 0.316267 +- 0.0052941

BIN 32 -- wCalc 0.324953 -- nRT 5056 +- 71 -- nWT 2384 +- 48 -- wMeas 0.32043 +- 0.00540986

BIN 33 -- wCalc 0.334999 -- nRT 4755 +- 68 -- nWT 2434 +- 49 -- wMeas 0.338573 +- 0.00558109

BIN 34 -- wCalc 0.344987 -- nRT 4599 +- 67 -- nWT 2371 +- 48 -- wMeas 0.340172 +- 0.00567458

BIN 35 -- wCalc 0.354923 -- nRT 4418 +- 66 -- nWT 2318 +- 48 -- wMeas 0.344121 +- 0.00578829

BIN 36 -- wCalc 0.364955 -- nRT 4110 +- 64 -- nWT 2431 +- 49 -- wMeas 0.371656 +- 0.00597486

BIN 37 -- wCalc 0.375014 -- nRT 4139 +- 64 -- nWT 2489 +- 49 -- wMeas 0.375528 +- 0.00594795

BIN 38 -- wCalc 0.384985 -- nRT 3846 +- 62 -- nWT 2627 +- 51 -- wMeas 0.40584 +- 0.00610316

BIN 39 -- wCalc 0.394979 -- nRT 3863 +- 62 -- nWT 2565 +- 50 -- wMeas 0.399035 +- 0.0061076

BIN 40 -- wCalc 0.405008 -- nRT 3735 +- 61 -- nWT 2598 +- 50 -- wMeas 0.410232 +- 0.00618056

BIN 41 -- wCalc 0.415019 -- nRT 3622 +- 60 -- nWT 2603 +- 51 -- wMeas 0.418153 +- 0.00625142

BIN 42 -- wCalc 0.424985 -- nRT 3544 +- 59 -- nWT 2541 +- 50 -- wMeas 0.417584 +- 0.0063217

BIN 43 -- wCalc 0.43506 -- nRT 3436 +- 58 -- nWT 2653 +- 51 -- wMeas 0.435704 +- 0.00635406

BIN 44 -- wCalc 0.445088 -- nRT 3680 +- 60 -- nWT 2942 +- 54 -- wMeas 0.444277 +- 0.00610575

BIN 45 -- wCalc 0.455035 -- nRT 3803 +- 61 -- nWT 3307 +- 57 -- wMeas 0.46512 +- 0.005915

BIN 46 -- wCalc 0.464993 -- nRT 4188 +- 64 -- nWT 3745 +- 61 -- wMeas 0.472079 +- 0.00560474

BIN 47 -- wCalc 0.474799 -- nRT 3414 +- 58 -- nWT 3163 +- 56 -- wMeas 0.480918 +- 0.0061605

BIN 48 -- wCalc 0.484671 -- nRT 2307 +- 48 -- nWT 2294 +- 47 -- wMeas 0.498587 +- 0.00737063

BIN 49 -- wCalc 0.494692 -- nRT 1658 +- 40 -- nWT 1664 +- 40 -- wMeas 0.500903 +- 0.00867388

BIN 50 -- wCalc 0.504844 -- nRT 1169 +- 34 -- nWT 1298 +- 36 -- wMeas 0.526145 +- 0.0100511

BIN 51 -- wCalc 0.514831 -- nRT 936 +- 30 -- nWT 1040 +- 32 -- wMeas 0.526316 +- 0.0112299

BIN 52 -- wCalc 0.524823 -- nRT 775 +- 27 -- nWT 948 +- 30 -- wMeas 0.550203 +- 0.0119816

BIN 53 -- wCalc 0.535012 -- nRT 675 +- 25 -- nWT 878 +- 29 -- wMeas 0.565357 +- 0.0125752

BIN 54 -- wCalc 0.544904 -- nRT 600 +- 24 -- nWT 731 +- 27 -- wMeas 0.549211 +- 0.0136338

BIN 55 -- wCalc 0.554861 -- nRT 529 +- 23 -- nWT 715 +- 26 -- wMeas 0.574759 +- 0.0140118

BIN 56 -- wCalc 0.564965 -- nRT 462 +- 21 -- nWT 635 +- 25 -- wMeas 0.578851 +- 0.0149011

BIN 57 -- wCalc 0.574956 -- nRT 375 +- 19 -- nWT 574 +- 23 -- wMeas 0.604847 +- 0.0158626

BIN 58 -- wCalc 0.585146 -- nRT 337 +- 18 -- nWT 501 +- 22 -- wMeas 0.597852 +- 0.0169293

BIN 59 -- wCalc 0.594926 -- nRT 306 +- 17 -- nWT 486 +- 22 -- wMeas 0.613636 +- 0.0172924

BIN 60 -- wCalc 0.60474 -- nRT 281 +- 16 -- nWT 432 +- 20 -- wMeas 0.605891 +- 0.0182892

BIN 61 -- wCalc 0.615057 -- nRT 230 +- 15 -- nWT 383 +- 19 -- wMeas 0.624796 +- 0.0195423

BIN 62 -- wCalc 0.624812 -- nRT 209 +- 14 -- nWT 416 +- 20 -- wMeas 0.6656 +- 0.0188602

BIN 63 -- wCalc 0.635132 -- nRT 206 +- 14 -- nWT 343 +- 18 -- wMeas 0.624772 +- 0.0206485

BIN 64 -- wCalc 0.644728 -- nRT 169 +- 13 -- nWT 322 +- 17 -- wMeas 0.655804 +- 0.0214245

BIN 65 -- wCalc 0.654581 -- nRT 146 +- 12 -- nWT 324 +- 18 -- wMeas 0.689362 +- 0.0213307

BIN 66 -- wCalc 0.66514 -- nRT 128 +- 11 -- nWT 259 +- 16 -- wMeas 0.669251 +- 0.0238936

BIN 67 -- wCalc 0.674809 -- nRT 112 +- 10 -- nWT 215 +- 14 -- wMeas 0.657492 +- 0.0262119

BIN 68 -- wCalc 0.684488 -- nRT 90 +- 9 -- nWT 215 +- 14 -- wMeas 0.704918 +- 0.0260901

BIN 69 -- wCalc 0.694953 -- nRT 88 +- 9 -- nWT 198 +- 14 -- wMeas 0.692308 +- 0.0272608

BIN 70 -- wCalc 0.704727 -- nRT 88 +- 9 -- nWT 187 +- 13 -- wMeas 0.68 +- 0.0280943

BIN 71 -- wCalc 0.714579 -- nRT 67 +- 8 -- nWT 154 +- 12 -- wMeas 0.696833 +- 0.0308742

BIN 72 -- wCalc 0.724768 -- nRT 66 +- 8 -- nWT 157 +- 12 -- wMeas 0.704036 +- 0.0305273

BIN 73 -- wCalc 0.734426 -- nRT 58 +- 7 -- nWT 139 +- 11 -- wMeas 0.705584 +- 0.0324248

BIN 74 -- wCalc 0.744732 -- nRT 41 +- 6 -- nWT 93 +- 9 -- wMeas 0.69403 +- 0.0397135

BIN 75 -- wCalc 0.754432 -- nRT 38 +- 6 -- nWT 117 +- 10 -- wMeas 0.754839 +- 0.0345201

BIN 76 -- wCalc 0.764657 -- nRT 32 +- 5 -- nWT 93 +- 9 -- wMeas 0.744 +- 0.0389763

BIN 77 -- wCalc 0.774941 -- nRT 19 +- 4 -- nWT 92 +- 9 -- wMeas 0.828829 +- 0.035832

BIN 78 -- wCalc 0.785002 -- nRT 17 +- 4 -- nWT 66 +- 8 -- wMeas 0.795181 +- 0.0443119

BIN 79 -- wCalc 0.794296 -- nRT 15 +- 3 -- nWT 67 +- 8 -- wMeas 0.817073 +- 0.042777

BIN 80 -- wCalc 0.804444 -- nRT 8 +- 2 -- nWT 48 +- 6 -- wMeas 0.857143 +- 0.0471821

BIN 81 -- wCalc 0.814705 -- nRT 12 +- 3 -- nWT 36 +- 6 -- wMeas 0.75 +- 0.0622754

BIN 82 -- wCalc 0.824585 -- nRT 8 +- 2 -- nWT 30 +- 5 -- wMeas 0.789474 +- 0.0661107

BIN 83 -- wCalc 0.834923 -- nRT 8 +- 2 -- nWT 26 +- 5 -- wMeas 0.764706 +- 0.0724836

BIN 84 -- wCalc 0.845026 -- nRT 1 +- 1 -- nWT 19 +- 4 -- wMeas 0.95 +- 0.0562012

BIN 85 -- wCalc 0.854068 -- nRT 0 +- 0 -- nWT 13 +- 3 -- wMeas 1 +- 0.0426576

BIN 86 -- wCalc 0.864525 -- nRT 2 +- 1 -- nWT 8 +- 2 -- wMeas 0.8 +- 0.126357

BIN 87 -- wCalc 0.875639 -- nRT 2 +- 1 -- nWT 8 +- 2 -- wMeas 0.8 +- 0.126357

BIN 88 -- wCalc 0.886825 -- nRT 0 +- 0 -- nWT 2 +- 1 -- wMeas 1 +- 0.190921


Per-event-mistag power (calibrated bins) = 10.6183% (+49.3606%)


 FCN=109.565 FROM MIGRAD    STATUS=CONVERGED      52 CALLS          53 TOTAL
                     EDM=2.74263e-11    STRATEGY= 1      ERROR MATRIX ACCURATE 
  EXT PARAMETER                                   STEP         FIRST   
  NO.   NAME      VALUE            ERROR          SIZE      DERIVATIVE 
   1  p0           2.85067e-03   1.75496e-03   3.92150e-06   7.63934e-03
   2  p1           1.00754e+00   5.74571e-03   1.28401e-05   1.30695e-03

q = 0.00285067 +- 0.00175496 [1.62435 s.d.]
m = 1.00754 +- 0.00574571 [1.3122 s.d.]
(int) 1
