
Processing fitMVAv2.C+("ntuples/ntuBsMC2018.root")...
----- Parameters -----
file_ = ntuples/ntuBsMC2018.root
method_ = DNNOsMuonHLTJpsiMu
useTightSelection_ = 1
nEvents_ = -1
nBinCal_ = 100

----- BEGIN CODE
----- FILE OPEN
----- BOOKING COMPLETED
----- BEGIN LOOP
----- at event 0
----- at event 100000
----- at event 200000
----- at event 300000
----- at event 400000
----- at event 500000

----- EVENTS LOOP ENDED
nTot 281791
nRT 95515
nWT 45753
nNT 140523

Base efficiency = 50.1322%
Base mistag = 32.3874%
Base power = 6.22049%

Per-event-mistag power (not calibrated) = 10.7461% (+72.7529%)

BIN 4 -- wCalc 0.0462061 -- nRT 16 +- 4 -- nWT 3 +- 1 -- wMeas 0.157895 +- 0.0849651

BIN 5 -- wCalc 0.0563661 -- nRT 108 +- 10 -- nWT 6 +- 2 -- wMeas 0.0526316 +- 0.0215345

BIN 6 -- wCalc 0.0656111 -- nRT 205 +- 14 -- nWT 15 +- 3 -- wMeas 0.0681818 +- 0.0171788

BIN 7 -- wCalc 0.0753102 -- nRT 354 +- 18 -- nWT 30 +- 5 -- wMeas 0.078125 +- 0.013765

BIN 8 -- wCalc 0.0854212 -- nRT 494 +- 22 -- nWT 71 +- 8 -- wMeas 0.125664 +- 0.0139644

BIN 9 -- wCalc 0.0951072 -- nRT 759 +- 27 -- nWT 69 +- 8 -- wMeas 0.0833333 +- 0.00962574

BIN 10 -- wCalc 0.105236 -- nRT 1014 +- 31 -- nWT 127 +- 11 -- wMeas 0.111306 +- 0.00931947

BIN 11 -- wCalc 0.115356 -- nRT 1389 +- 37 -- nWT 193 +- 13 -- wMeas 0.121997 +- 0.00823299

BIN 12 -- wCalc 0.125724 -- nRT 2578 +- 50 -- nWT 365 +- 19 -- wMeas 0.124023 +- 0.00607757

BIN 13 -- wCalc 0.135166 -- nRT 3867 +- 62 -- nWT 694 +- 26 -- wMeas 0.15216 +- 0.00531897

BIN 14 -- wCalc 0.144816 -- nRT 3399 +- 58 -- nWT 647 +- 25 -- wMeas 0.159911 +- 0.00576285

BIN 15 -- wCalc 0.154874 -- nRT 2950 +- 54 -- nWT 579 +- 24 -- wMeas 0.164069 +- 0.00623479

BIN 16 -- wCalc 0.164995 -- nRT 2678 +- 51 -- nWT 594 +- 24 -- wMeas 0.18154 +- 0.00673926

BIN 17 -- wCalc 0.175053 -- nRT 2787 +- 52 -- nWT 622 +- 24 -- wMeas 0.182458 +- 0.00661538

BIN 18 -- wCalc 0.185108 -- nRT 2813 +- 53 -- nWT 715 +- 26 -- wMeas 0.202664 +- 0.006768

BIN 19 -- wCalc 0.195119 -- nRT 3039 +- 55 -- nWT 805 +- 28 -- wMeas 0.209417 +- 0.00656294

BIN 20 -- wCalc 0.20501 -- nRT 3004 +- 54 -- nWT 799 +- 28 -- wMeas 0.210097 +- 0.00660608

BIN 21 -- wCalc 0.214984 -- nRT 3115 +- 55 -- nWT 934 +- 30 -- wMeas 0.230674 +- 0.00662034

BIN 22 -- wCalc 0.225057 -- nRT 3147 +- 56 -- nWT 957 +- 30 -- wMeas 0.233187 +- 0.00660073

BIN 23 -- wCalc 0.234968 -- nRT 2922 +- 54 -- nWT 1025 +- 32 -- wMeas 0.259691 +- 0.00697893

BIN 24 -- wCalc 0.244953 -- nRT 2825 +- 53 -- nWT 1065 +- 32 -- wMeas 0.273779 +- 0.00714895

BIN 25 -- wCalc 0.254959 -- nRT 2894 +- 53 -- nWT 1084 +- 32 -- wMeas 0.272499 +- 0.00705911

BIN 26 -- wCalc 0.264979 -- nRT 2684 +- 51 -- nWT 1010 +- 31 -- wMeas 0.273416 +- 0.0073331

BIN 27 -- wCalc 0.274954 -- nRT 2556 +- 50 -- nWT 1065 +- 32 -- wMeas 0.294118 +- 0.00757158

BIN 28 -- wCalc 0.285054 -- nRT 2472 +- 49 -- nWT 1066 +- 32 -- wMeas 0.3013 +- 0.00771325

BIN 29 -- wCalc 0.294946 -- nRT 2420 +- 49 -- nWT 1101 +- 33 -- wMeas 0.312695 +- 0.00781214

BIN 30 -- wCalc 0.304898 -- nRT 2358 +- 48 -- nWT 1113 +- 33 -- wMeas 0.320657 +- 0.00792142

BIN 31 -- wCalc 0.314985 -- nRT 2285 +- 47 -- nWT 1136 +- 33 -- wMeas 0.332067 +- 0.00805128

BIN 32 -- wCalc 0.324947 -- nRT 2215 +- 47 -- nWT 1138 +- 33 -- wMeas 0.339398 +- 0.0081765

BIN 33 -- wCalc 0.334985 -- nRT 1971 +- 44 -- nWT 1111 +- 33 -- wMeas 0.36048 +- 0.00864773

BIN 34 -- wCalc 0.344939 -- nRT 1990 +- 44 -- nWT 1087 +- 32 -- wMeas 0.353266 +- 0.00861593

BIN 35 -- wCalc 0.355043 -- nRT 1981 +- 44 -- nWT 1111 +- 33 -- wMeas 0.359314 +- 0.00862763

BIN 36 -- wCalc 0.36499 -- nRT 1886 +- 43 -- nWT 1140 +- 33 -- wMeas 0.376735 +- 0.00880779

BIN 37 -- wCalc 0.375031 -- nRT 1878 +- 43 -- nWT 1159 +- 34 -- wMeas 0.381627 +- 0.00881391

BIN 38 -- wCalc 0.385036 -- nRT 1837 +- 42 -- nWT 1111 +- 33 -- wMeas 0.376866 +- 0.00892413

BIN 39 -- wCalc 0.394985 -- nRT 1753 +- 41 -- nWT 1191 +- 34 -- wMeas 0.404552 +- 0.00904443

BIN 40 -- wCalc 0.405076 -- nRT 1684 +- 41 -- nWT 1174 +- 34 -- wMeas 0.410777 +- 0.00920132

BIN 41 -- wCalc 0.414964 -- nRT 1609 +- 40 -- nWT 1205 +- 34 -- wMeas 0.428216 +- 0.00932655

BIN 42 -- wCalc 0.424976 -- nRT 1460 +- 38 -- nWT 1195 +- 34 -- wMeas 0.450094 +- 0.00965368

BIN 43 -- wCalc 0.43498 -- nRT 1598 +- 39 -- nWT 1252 +- 35 -- wMeas 0.439298 +- 0.0092952

BIN 44 -- wCalc 0.445122 -- nRT 1568 +- 39 -- nWT 1328 +- 36 -- wMeas 0.458564 +- 0.00925784

BIN 45 -- wCalc 0.455134 -- nRT 1646 +- 40 -- nWT 1532 +- 39 -- wMeas 0.482064 +- 0.00886247

BIN 46 -- wCalc 0.465047 -- nRT 1849 +- 43 -- nWT 1764 +- 42 -- wMeas 0.488237 +- 0.00831506

BIN 47 -- wCalc 0.474667 -- nRT 1652 +- 40 -- nWT 1519 +- 38 -- wMeas 0.479029 +- 0.00887015

BIN 48 -- wCalc 0.484642 -- nRT 1085 +- 32 -- nWT 1094 +- 33 -- wMeas 0.502065 +- 0.010709

BIN 49 -- wCalc 0.494725 -- nRT 809 +- 28 -- nWT 761 +- 27 -- wMeas 0.484713 +- 0.0126092

BIN 50 -- wCalc 0.504802 -- nRT 543 +- 23 -- nWT 595 +- 24 -- wMeas 0.522847 +- 0.0148001

BIN 51 -- wCalc 0.514919 -- nRT 451 +- 21 -- nWT 539 +- 23 -- wMeas 0.544444 +- 0.0158206

BIN 52 -- wCalc 0.524883 -- nRT 366 +- 19 -- nWT 468 +- 21 -- wMeas 0.561151 +- 0.017174

BIN 53 -- wCalc 0.534887 -- nRT 331 +- 18 -- nWT 408 +- 20 -- wMeas 0.552097 +- 0.018281

BIN 54 -- wCalc 0.544783 -- nRT 238 +- 15 -- nWT 371 +- 19 -- wMeas 0.609195 +- 0.0197578

BIN 55 -- wCalc 0.555015 -- nRT 237 +- 15 -- nWT 342 +- 18 -- wMeas 0.590674 +- 0.0204188

BIN 56 -- wCalc 0.564841 -- nRT 233 +- 15 -- nWT 305 +- 17 -- wMeas 0.566914 +- 0.021344

BIN 57 -- wCalc 0.574641 -- nRT 190 +- 13 -- nWT 273 +- 16 -- wMeas 0.589633 +- 0.022838

BIN 58 -- wCalc 0.584985 -- nRT 146 +- 12 -- nWT 255 +- 15 -- wMeas 0.63591 +- 0.0240041

BIN 59 -- wCalc 0.594923 -- nRT 155 +- 12 -- nWT 246 +- 15 -- wMeas 0.613466 +- 0.0242909

BIN 60 -- wCalc 0.604704 -- nRT 146 +- 12 -- nWT 210 +- 14 -- wMeas 0.589888 +- 0.0260347

BIN 61 -- wCalc 0.614904 -- nRT 115 +- 10 -- nWT 221 +- 14 -- wMeas 0.657738 +- 0.0258549

BIN 62 -- wCalc 0.624515 -- nRT 98 +- 9 -- nWT 193 +- 13 -- wMeas 0.66323 +- 0.027669

BIN 63 -- wCalc 0.634729 -- nRT 108 +- 10 -- nWT 176 +- 13 -- wMeas 0.619718 +- 0.0287627

BIN 64 -- wCalc 0.645057 -- nRT 77 +- 8 -- nWT 170 +- 13 -- wMeas 0.688259 +- 0.0294337

BIN 65 -- wCalc 0.654614 -- nRT 68 +- 8 -- nWT 119 +- 10 -- wMeas 0.636364 +- 0.0350996

BIN 66 -- wCalc 0.665052 -- nRT 64 +- 8 -- nWT 125 +- 11 -- wMeas 0.661376 +- 0.0343543

BIN 67 -- wCalc 0.674729 -- nRT 43 +- 6 -- nWT 119 +- 10 -- wMeas 0.734568 +- 0.0346463

BIN 68 -- wCalc 0.685158 -- nRT 44 +- 6 -- nWT 112 +- 10 -- wMeas 0.717949 +- 0.035968

BIN 69 -- wCalc 0.69496 -- nRT 37 +- 6 -- nWT 88 +- 9 -- wMeas 0.704 +- 0.0407325

BIN 70 -- wCalc 0.704955 -- nRT 40 +- 6 -- nWT 77 +- 8 -- wMeas 0.65812 +- 0.0437084

BIN 71 -- wCalc 0.714657 -- nRT 35 +- 5 -- nWT 78 +- 8 -- wMeas 0.690265 +- 0.0433712

BIN 72 -- wCalc 0.724632 -- nRT 24 +- 4 -- nWT 71 +- 8 -- wMeas 0.747368 +- 0.0444978

BIN 73 -- wCalc 0.734455 -- nRT 21 +- 4 -- nWT 59 +- 7 -- wMeas 0.7375 +- 0.0490636

BIN 74 -- wCalc 0.74507 -- nRT 17 +- 4 -- nWT 74 +- 8 -- wMeas 0.813187 +- 0.040919

BIN 75 -- wCalc 0.75497 -- nRT 11 +- 3 -- nWT 67 +- 8 -- wMeas 0.858974 +- 0.0396798

BIN 76 -- wCalc 0.764735 -- nRT 15 +- 3 -- nWT 43 +- 6 -- wMeas 0.741379 +- 0.0572983

BIN 77 -- wCalc 0.774838 -- nRT 17 +- 4 -- nWT 31 +- 5 -- wMeas 0.645833 +- 0.0684525

BIN 78 -- wCalc 0.784899 -- nRT 9 +- 3 -- nWT 36 +- 6 -- wMeas 0.8 +- 0.0596872

BIN 79 -- wCalc 0.794372 -- nRT 9 +- 3 -- nWT 22 +- 4 -- wMeas 0.709677 +- 0.0807676

BIN 80 -- wCalc 0.80476 -- nRT 5 +- 2 -- nWT 21 +- 4 -- wMeas 0.807692 +- 0.0775112

BIN 81 -- wCalc 0.814262 -- nRT 8 +- 2 -- nWT 30 +- 5 -- wMeas 0.789474 +- 0.0661107

BIN 82 -- wCalc 0.825911 -- nRT 5 +- 2 -- nWT 11 +- 3 -- wMeas 0.6875 +- 0.113466

BIN 83 -- wCalc 0.834881 -- nRT 1 +- 1 -- nWT 15 +- 3 -- wMeas 0.9375 +- 0.0687938

BIN 84 -- wCalc 0.843855 -- nRT 2 +- 1 -- nWT 8 +- 2 -- wMeas 0.8 +- 0.126357

BIN 85 -- wCalc 0.854517 -- nRT 0 +- 0 -- nWT 8 +- 2 -- wMeas 1 +- 0.0659572

BIN 86 -- wCalc 0.865662 -- nRT 1 +- 1 -- nWT 5 +- 2 -- wMeas 0.833333 +- 0.155092

BIN 88 -- wCalc 0.880436 -- nRT 1 +- 1 -- nWT 0 +- 0 -- wMeas 0 +- 0.278099

BIN 89 -- wCalc 0.892363 -- nRT 1 +- 1 -- nWT 0 +- 0 -- wMeas 0 +- 0.278099


Per-event-mistag power (calibrated bins) = 9.81004% (+57.7052%)


 FCN=102.629 FROM MIGRAD    STATUS=CONVERGED      50 CALLS          51 TOTAL
                     EDM=5.61068e-10    STRATEGY= 1      ERROR MATRIX ACCURATE 
  EXT PARAMETER                                   STEP         FIRST   
  NO.   NAME      VALUE            ERROR          SIZE      DERIVATIVE 
   1  p0           1.04511e-02   2.65776e-03   5.74175e-06   1.77914e-02
   2  p1           1.01027e+00   8.54408e-03   1.84584e-05   1.88814e-03

q = 0.0104511 +- 0.00265776 [3.9323 s.d.]
m = 1.01027 +- 0.00854408 [1.20166 s.d.]
(int) 1
