
Processing fitMVAv2.C+("ntuples/ntuBsMC2017.root")...
----- Parameters -----
file_ = ntuples/ntuBsMC2017.root
method_ = DNNOsMuonHLTJpsiMu
useTightSelection_ = 1
nEvents_ = -1
nBinCal_ = 100

----- BEGIN CODE
----- FILE OPEN
----- BOOKING COMPLETED
----- BEGIN LOOP
----- at event 0
----- at event 100000
----- at event 200000
----- at event 300000
----- at event 400000
----- at event 500000
----- at event 600000

----- EVENTS LOOP ENDED
nTot 368959
nRT 119357
nWT 54754
nNT 194848

Base efficiency = 47.1898%
Base mistag = 31.4478%
Base power = 6.49682%

Per-event-mistag power (not calibrated) = 10.1703% (+56.542%)

BIN 3 -- wCalc 0.0379523 -- nRT 3 +- 1 -- nWT 0 +- 0 -- wMeas 0 +- 0.145184

BIN 4 -- wCalc 0.0474537 -- nRT 18 +- 4 -- nWT 1 +- 1 -- wMeas 0.0526316 +- 0.0588976

BIN 5 -- wCalc 0.0557517 -- nRT 104 +- 10 -- nWT 4 +- 2 -- wMeas 0.037037 +- 0.0190561

BIN 6 -- wCalc 0.0655697 -- nRT 241 +- 15 -- nWT 22 +- 4 -- wMeas 0.0836502 +- 0.0171852

BIN 7 -- wCalc 0.0753674 -- nRT 447 +- 21 -- nWT 42 +- 6 -- wMeas 0.0858896 +- 0.0127147

BIN 8 -- wCalc 0.0853453 -- nRT 647 +- 25 -- nWT 67 +- 8 -- wMeas 0.0938375 +- 0.0109351

BIN 9 -- wCalc 0.0950044 -- nRT 913 +- 30 -- nWT 85 +- 9 -- wMeas 0.0851703 +- 0.00885113

BIN 10 -- wCalc 0.105297 -- nRT 1222 +- 34 -- nWT 153 +- 12 -- wMeas 0.111273 +- 0.00848712

BIN 11 -- wCalc 0.115423 -- nRT 1780 +- 42 -- nWT 210 +- 14 -- wMeas 0.105528 +- 0.00689128

BIN 12 -- wCalc 0.125622 -- nRT 3270 +- 57 -- nWT 493 +- 22 -- wMeas 0.131012 +- 0.00550156

BIN 13 -- wCalc 0.135018 -- nRT 4766 +- 69 -- nWT 783 +- 27 -- wMeas 0.141107 +- 0.00467401

BIN 14 -- wCalc 0.144871 -- nRT 4166 +- 64 -- nWT 755 +- 27 -- wMeas 0.153424 +- 0.00513807

BIN 15 -- wCalc 0.154897 -- nRT 3574 +- 59 -- nWT 733 +- 27 -- wMeas 0.170188 +- 0.00572669

BIN 16 -- wCalc 0.164966 -- nRT 3431 +- 58 -- nWT 790 +- 28 -- wMeas 0.187159 +- 0.00600378

BIN 17 -- wCalc 0.175096 -- nRT 3412 +- 58 -- nWT 766 +- 27 -- wMeas 0.183341 +- 0.00598678

BIN 18 -- wCalc 0.185025 -- nRT 3608 +- 60 -- nWT 820 +- 28 -- wMeas 0.185185 +- 0.00583786

BIN 19 -- wCalc 0.194997 -- nRT 3669 +- 60 -- nWT 924 +- 30 -- wMeas 0.201176 +- 0.00591534

BIN 20 -- wCalc 0.204969 -- nRT 3905 +- 62 -- nWT 1040 +- 32 -- wMeas 0.210313 +- 0.00579546

BIN 21 -- wCalc 0.215047 -- nRT 3890 +- 62 -- nWT 1075 +- 32 -- wMeas 0.216516 +- 0.00584531

BIN 22 -- wCalc 0.225058 -- nRT 3804 +- 61 -- nWT 1209 +- 34 -- wMeas 0.241173 +- 0.00604205

BIN 23 -- wCalc 0.234963 -- nRT 3573 +- 59 -- nWT 1203 +- 34 -- wMeas 0.251884 +- 0.00628126

BIN 24 -- wCalc 0.24508 -- nRT 3615 +- 60 -- nWT 1262 +- 35 -- wMeas 0.258766 +- 0.00627114

BIN 25 -- wCalc 0.255015 -- nRT 3573 +- 59 -- nWT 1201 +- 34 -- wMeas 0.251571 +- 0.00627998

BIN 26 -- wCalc 0.264951 -- nRT 3459 +- 58 -- nWT 1287 +- 35 -- wMeas 0.271176 +- 0.00645299

BIN 27 -- wCalc 0.274889 -- nRT 3401 +- 58 -- nWT 1282 +- 35 -- wMeas 0.273756 +- 0.0065155

BIN 28 -- wCalc 0.284976 -- nRT 3300 +- 57 -- nWT 1239 +- 35 -- wMeas 0.272968 +- 0.00661209

BIN 29 -- wCalc 0.295058 -- nRT 3062 +- 55 -- nWT 1315 +- 36 -- wMeas 0.300434 +- 0.00692914

BIN 30 -- wCalc 0.305026 -- nRT 2994 +- 54 -- nWT 1352 +- 36 -- wMeas 0.311091 +- 0.00702192

BIN 31 -- wCalc 0.314977 -- nRT 3003 +- 54 -- nWT 1385 +- 37 -- wMeas 0.315634 +- 0.00701582

BIN 32 -- wCalc 0.325001 -- nRT 2852 +- 53 -- nWT 1411 +- 37 -- wMeas 0.330988 +- 0.00720671

BIN 33 -- wCalc 0.334984 -- nRT 2728 +- 52 -- nWT 1381 +- 37 -- wMeas 0.336092 +- 0.00736859

BIN 34 -- wCalc 0.344855 -- nRT 2480 +- 49 -- nWT 1390 +- 37 -- wMeas 0.359173 +- 0.00771134

BIN 35 -- wCalc 0.355054 -- nRT 2383 +- 48 -- nWT 1307 +- 36 -- wMeas 0.354201 +- 0.00787267

BIN 36 -- wCalc 0.364987 -- nRT 2362 +- 48 -- nWT 1321 +- 36 -- wMeas 0.358675 +- 0.00790223

BIN 37 -- wCalc 0.37501 -- nRT 2272 +- 47 -- nWT 1385 +- 37 -- wMeas 0.378726 +- 0.00802046

BIN 38 -- wCalc 0.385052 -- nRT 2178 +- 46 -- nWT 1483 +- 38 -- wMeas 0.405081 +- 0.0081125

BIN 39 -- wCalc 0.394998 -- nRT 2145 +- 46 -- nWT 1412 +- 37 -- wMeas 0.396964 +- 0.00820274

BIN 40 -- wCalc 0.405057 -- nRT 1975 +- 44 -- nWT 1360 +- 36 -- wMeas 0.407796 +- 0.0085086

BIN 41 -- wCalc 0.415061 -- nRT 1907 +- 43 -- nWT 1475 +- 38 -- wMeas 0.436132 +- 0.00852625

BIN 42 -- wCalc 0.425032 -- nRT 1916 +- 43 -- nWT 1441 +- 37 -- wMeas 0.429252 +- 0.00854181

BIN 43 -- wCalc 0.435097 -- nRT 1940 +- 44 -- nWT 1441 +- 37 -- wMeas 0.426205 +- 0.0085038

BIN 44 -- wCalc 0.445039 -- nRT 1986 +- 44 -- nWT 1679 +- 40 -- wMeas 0.458117 +- 0.00822915

BIN 45 -- wCalc 0.45509 -- nRT 2111 +- 45 -- nWT 1832 +- 42 -- wMeas 0.464621 +- 0.00794185

BIN 46 -- wCalc 0.464989 -- nRT 2416 +- 49 -- nWT 2190 +- 46 -- wMeas 0.475467 +- 0.00735779

BIN 47 -- wCalc 0.474836 -- nRT 2021 +- 44 -- nWT 1854 +- 43 -- wMeas 0.478452 +- 0.00802387

BIN 48 -- wCalc 0.484752 -- nRT 1327 +- 36 -- nWT 1294 +- 35 -- wMeas 0.493705 +- 0.00976402

BIN 49 -- wCalc 0.494668 -- nRT 841 +- 29 -- nWT 875 +- 29 -- wMeas 0.509907 +- 0.0120645

BIN 50 -- wCalc 0.504754 -- nRT 673 +- 25 -- nWT 683 +- 26 -- wMeas 0.503687 +- 0.0135731

BIN 51 -- wCalc 0.514766 -- nRT 529 +- 23 -- nWT 647 +- 25 -- wMeas 0.55017 +- 0.014501

BIN 52 -- wCalc 0.524812 -- nRT 452 +- 21 -- nWT 499 +- 22 -- wMeas 0.524711 +- 0.0161857

BIN 53 -- wCalc 0.535076 -- nRT 368 +- 19 -- nWT 466 +- 21 -- wMeas 0.558753 +- 0.017184

BIN 54 -- wCalc 0.544794 -- nRT 341 +- 18 -- nWT 416 +- 20 -- wMeas 0.549538 +- 0.0180721

BIN 55 -- wCalc 0.55495 -- nRT 291 +- 17 -- nWT 394 +- 19 -- wMeas 0.575182 +- 0.0188741

BIN 56 -- wCalc 0.564905 -- nRT 241 +- 15 -- nWT 338 +- 18 -- wMeas 0.583765 +- 0.0204694

BIN 57 -- wCalc 0.57476 -- nRT 219 +- 14 -- nWT 314 +- 17 -- wMeas 0.589118 +- 0.0212924

BIN 58 -- wCalc 0.584926 -- nRT 202 +- 14 -- nWT 255 +- 15 -- wMeas 0.557987 +- 0.023207

BIN 59 -- wCalc 0.595019 -- nRT 170 +- 13 -- nWT 243 +- 15 -- wMeas 0.588378 +- 0.0241891

BIN 60 -- wCalc 0.604735 -- nRT 127 +- 11 -- nWT 268 +- 16 -- wMeas 0.678481 +- 0.0234798

BIN 61 -- wCalc 0.614637 -- nRT 136 +- 11 -- nWT 214 +- 14 -- wMeas 0.611429 +- 0.0260213

BIN 62 -- wCalc 0.625058 -- nRT 126 +- 11 -- nWT 188 +- 13 -- wMeas 0.598726 +- 0.0276213

BIN 63 -- wCalc 0.634912 -- nRT 110 +- 10 -- nWT 194 +- 13 -- wMeas 0.638158 +- 0.0275233

BIN 64 -- wCalc 0.644991 -- nRT 88 +- 9 -- nWT 179 +- 13 -- wMeas 0.670412 +- 0.0287284

BIN 65 -- wCalc 0.654866 -- nRT 66 +- 8 -- nWT 142 +- 11 -- wMeas 0.682692 +- 0.0322187

BIN 66 -- wCalc 0.664953 -- nRT 86 +- 9 -- nWT 168 +- 12 -- wMeas 0.661417 +- 0.0296488

BIN 67 -- wCalc 0.674852 -- nRT 49 +- 7 -- nWT 126 +- 11 -- wMeas 0.72 +- 0.0338913

BIN 68 -- wCalc 0.684708 -- nRT 66 +- 8 -- nWT 125 +- 11 -- wMeas 0.65445 +- 0.0343392

BIN 69 -- wCalc 0.694689 -- nRT 55 +- 7 -- nWT 102 +- 10 -- wMeas 0.649682 +- 0.037978

BIN 70 -- wCalc 0.705078 -- nRT 36 +- 6 -- nWT 129 +- 11 -- wMeas 0.781818 +- 0.0321461

BIN 71 -- wCalc 0.715249 -- nRT 43 +- 6 -- nWT 78 +- 8 -- wMeas 0.644628 +- 0.043366

BIN 72 -- wCalc 0.725104 -- nRT 33 +- 5 -- nWT 84 +- 9 -- wMeas 0.717949 +- 0.0415085

BIN 73 -- wCalc 0.735269 -- nRT 34 +- 5 -- nWT 80 +- 8 -- wMeas 0.701754 +- 0.0427337

BIN 74 -- wCalc 0.744771 -- nRT 24 +- 4 -- nWT 65 +- 8 -- wMeas 0.730337 +- 0.0469191

BIN 75 -- wCalc 0.754961 -- nRT 22 +- 4 -- nWT 63 +- 7 -- wMeas 0.741176 +- 0.0473958

BIN 76 -- wCalc 0.764932 -- nRT 14 +- 3 -- nWT 48 +- 6 -- wMeas 0.774194 +- 0.0530339

BIN 77 -- wCalc 0.774762 -- nRT 12 +- 3 -- nWT 55 +- 7 -- wMeas 0.820896 +- 0.0469729

BIN 78 -- wCalc 0.785244 -- nRT 9 +- 3 -- nWT 29 +- 5 -- wMeas 0.763158 +- 0.0687362

BIN 79 -- wCalc 0.794726 -- nRT 14 +- 3 -- nWT 25 +- 5 -- wMeas 0.641026 +- 0.0760105

BIN 80 -- wCalc 0.805408 -- nRT 9 +- 3 -- nWT 27 +- 5 -- wMeas 0.75 +- 0.0718183

BIN 81 -- wCalc 0.814639 -- nRT 6 +- 2 -- nWT 25 +- 5 -- wMeas 0.806452 +- 0.0711232

BIN 82 -- wCalc 0.824766 -- nRT 10 +- 3 -- nWT 16 +- 4 -- wMeas 0.615385 +- 0.093821

BIN 83 -- wCalc 0.834697 -- nRT 3 +- 1 -- nWT 13 +- 3 -- wMeas 0.8125 +- 0.0980702

BIN 84 -- wCalc 0.844519 -- nRT 1 +- 1 -- nWT 13 +- 3 -- wMeas 0.928571 +- 0.0774616

BIN 85 -- wCalc 0.855222 -- nRT 2 +- 1 -- nWT 6 +- 2 -- wMeas 0.75 +- 0.149304

BIN 86 -- wCalc 0.863492 -- nRT 0 +- 0 -- nWT 4 +- 2 -- wMeas 1 +- 0.117086

BIN 87 -- wCalc 0.87213 -- nRT 0 +- 0 -- nWT 2 +- 1 -- wMeas 1 +- 0.190921

BIN 88 -- wCalc 0.883742 -- nRT 0 +- 0 -- nWT 2 +- 1 -- wMeas 1 +- 0.190921


Per-event-mistag power (calibrated bins) = 9.74126% (+49.9388%)


 FCN=104.627 FROM MIGRAD    STATUS=CONVERGED      50 CALLS          51 TOTAL
                     EDM=2.08307e-10    STRATEGY= 1      ERROR MATRIX ACCURATE 
  EXT PARAMETER                                   STEP         FIRST   
  NO.   NAME      VALUE            ERROR          SIZE      DERIVATIVE 
   1  p0           6.43655e-03   2.38141e-03   5.18203e-06   1.75941e-02
   2  p1           9.99102e-01   7.75246e-03   1.68696e-05   3.67015e-03

q = 0.00643655 +- 0.00238141 [2.70283 s.d.]
m = 0.999102 +- 0.00775246 [0.11586 s.d.]
(int) 1
