
Processing fitMVAv2.C+("ntuples/ntuBuData2017.root")...
----- Parameters -----
file_ = ntuples/ntuBuData2017.root
method_ = DNNOsMuonHLTJpsiMu
useTightSelection_ = 1
nEvents_ = -1
nBinCal_ = 100

----- BEGIN CODE
----- FILE OPEN
----- BOOKING COMPLETED
----- BEGIN LOOP
----- at event 0
----- at event 100000
----- at event 200000
----- at event 300000
----- at event 400000
----- at event 500000
----- at event 600000
----- at event 700000
----- at event 800000
----- at event 900000
----- at event 1000000
----- at event 1100000
----- at event 1200000
----- at event 1300000
----- at event 1400000
----- at event 1500000
----- at event 1600000
----- at event 1700000
----- at event 1800000
----- at event 1900000
----- at event 2000000
----- at event 2100000
----- at event 2200000
----- at event 2300000
----- at event 2400000
----- at event 2500000
----- at event 2600000
----- at event 2700000
----- at event 2800000
----- at event 2900000
----- at event 3000000
----- at event 3100000
----- at event 3200000
----- at event 3300000
----- at event 3400000
----- at event 3500000
----- at event 3600000
----- at event 3700000
----- at event 3800000
----- at event 3900000
----- at event 4000000
----- at event 4100000
----- at event 4200000
----- at event 4300000
----- at event 4400000
----- at event 4500000
----- at event 4600000
----- at event 4700000
----- at event 4800000
----- at event 4900000
----- at event 5000000
----- at event 5100000
----- at event 5200000
----- at event 5300000
----- at event 5400000
----- at event 5500000
----- at event 5600000
----- at event 5700000
----- at event 5800000
----- at event 5900000
----- at event 6000000
----- at event 6100000
----- at event 6200000
----- at event 6300000
----- at event 6400000
----- at event 6500000
----- at event 6600000
----- at event 6700000
----- at event 6800000
----- at event 6900000
----- at event 7000000
----- at event 7100000
----- at event 7200000
----- at event 7300000
----- at event 7400000
----- at event 7500000
----- at event 7600000
----- at event 7700000
----- at event 7800000
----- at event 7900000
----- at event 8000000
----- at event 8100000
----- at event 8200000
----- at event 8300000
----- at event 8400000
----- at event 8500000
----- at event 8600000
----- at event 8700000
----- at event 8800000
----- at event 8900000
----- at event 9000000
----- at event 9100000
----- at event 9200000
----- at event 9300000
----- at event 9400000
----- at event 9500000
----- at event 9600000
----- at event 9700000
----- at event 9800000
----- at event 9900000
----- at event 10000000
----- at event 10100000
----- at event 10200000
----- at event 10300000
----- at event 10400000
----- at event 10500000
----- at event 10600000
----- at event 10700000
----- at event 10800000
----- at event 10900000
----- at event 11000000
----- at event 11100000
----- at event 11200000
----- at event 11300000
----- at event 11400000
----- at event 11500000
----- at event 11600000
----- at event 11700000
----- at event 11800000
----- at event 11900000
----- at event 12000000
----- at event 12100000

----- EVENTS LOOP ENDED
COV STATUS of hMassWT --> 2
nTot 248454
nRT 78504.5
nWT 33077.3
nNT 134977

Base efficiency = 45.2556%
Base mistag = 29.644%
Base power = 7.50096%

Per-event-mistag power (not calibrated) = 14.9052% (+98.7102%)

BIN 5 -- wCalc 0.0558865 -- nRT 71 +- 8 -- nWT 8 +- 3 -- wMeas 0.10314 +- 0.0445486

BIN 6 -- wCalc 0.0655754 -- nRT 155 +- 13 -- nWT 10 +- 4 -- wMeas 0.061161 +- 0.0263235

BIN 7 -- wCalc 0.0756333 -- nRT 228 +- 16 -- nWT 25 +- 6 -- wMeas 0.0993977 +- 0.0249548

BIN 8 -- wCalc 0.0851489 -- nRT 359 +- 20 -- nWT 49 +- 9 -- wMeas 0.121156 +- 0.0206327

BIN 9 -- wCalc 0.0952452 -- nRT 503 +- 24 -- nWT 77 +- 11 -- wMeas 0.133915 +- 0.017657

BIN 10 -- wCalc 0.105317 -- nRT 664 +- 28 -- nWT 99 +- 12 -- wMeas 0.130036 +- 0.0151397

BIN 11 -- wCalc 0.115152 -- nRT 977 +- 34 -- nWT 123 +- 15 -- wMeas 0.112418 +- 0.0129794

BIN 12 -- wCalc 0.125543 -- nRT 1872 +- 47 -- nWT 301 +- 21 -- wMeas 0.138856 +- 0.00917788

BIN 13 -- wCalc 0.135186 -- nRT 3098 +- 61 -- nWT 499 +- 28 -- wMeas 0.138831 +- 0.00725518

BIN 14 -- wCalc 0.144867 -- nRT 2733 +- 57 -- nWT 491 +- 28 -- wMeas 0.152464 +- 0.00787491

BIN 15 -- wCalc 0.154942 -- nRT 2250 +- 55 -- nWT 429 +- 26 -- wMeas 0.160192 +- 0.00906105

BIN 16 -- wCalc 0.165069 -- nRT 2245 +- 53 -- nWT 387 +- 25 -- wMeas 0.147096 +- 0.00890418

BIN 17 -- wCalc 0.174915 -- nRT 2249 +- 54 -- nWT 445 +- 26 -- wMeas 0.165309 +- 0.00883261

BIN 18 -- wCalc 0.185078 -- nRT 2327 +- 56 -- nWT 530 +- 29 -- wMeas 0.185712 +- 0.00907688

BIN 19 -- wCalc 0.195138 -- nRT 2596 +- 56 -- nWT 534 +- 29 -- wMeas 0.170841 +- 0.00848779

BIN 20 -- wCalc 0.20495 -- nRT 2513 +- 56 -- nWT 616 +- 32 -- wMeas 0.197053 +- 0.0090446

BIN 21 -- wCalc 0.215007 -- nRT 2576 +- 59 -- nWT 682 +- 32 -- wMeas 0.209521 +- 0.00864773

BIN 22 -- wCalc 0.225039 -- nRT 2534 +- 56 -- nWT 690 +- 33 -- wMeas 0.214046 +- 0.00905804

BIN 23 -- wCalc 0.234997 -- nRT 2625 +- 56 -- nWT 788 +- 34 -- wMeas 0.230966 +- 0.00868644

BIN 24 -- wCalc 0.244949 -- nRT 2478 +- 55 -- nWT 839 +- 38 -- wMeas 0.253052 +- 0.00963148

STATUS of hMassCalWT25 --> 4
COV STATUS of hMassCalWT25 --> 2
BIN 25 -- wCalc 0.254974 -- nRT 2418 +- 58 -- nWT 865 +- 58 -- wMeas 0.263519 +- 0.0140197

BIN 26 -- wCalc 0.26495 -- nRT 2231 +- 57 -- nWT 814 +- 34 -- wMeas 0.267367 +- 0.00973873

BIN 27 -- wCalc 0.274982 -- nRT 2186 +- 54 -- nWT 788 +- 34 -- wMeas 0.265096 +- 0.00993733

BIN 28 -- wCalc 0.284867 -- nRT 2178 +- 53 -- nWT 933 +- 36 -- wMeas 0.299986 +- 0.00974934

BIN 29 -- wCalc 0.294952 -- nRT 2159 +- 53 -- nWT 951 +- 43 -- wMeas 0.305846 +- 0.0109479

BIN 30 -- wCalc 0.304987 -- nRT 2013 +- 50 -- nWT 865 +- 38 -- wMeas 0.300513 +- 0.0107643

BIN 31 -- wCalc 0.314933 -- nRT 1953 +- 51 -- nWT 957 +- 36 -- wMeas 0.329045 +- 0.010278

BIN 32 -- wCalc 0.325036 -- nRT 1916 +- 48 -- nWT 918 +- 37 -- wMeas 0.323969 +- 0.0105048

BIN 33 -- wCalc 0.334987 -- nRT 1712 +- 50 -- nWT 890 +- 36 -- wMeas 0.342226 +- 0.0112878

BIN 34 -- wCalc 0.345043 -- nRT 1641 +- 51 -- nWT 851 +- 39 -- wMeas 0.341397 +- 0.0126355

BIN 35 -- wCalc 0.354961 -- nRT 1581 +- 45 -- nWT 821 +- 35 -- wMeas 0.341837 +- 0.0115974

BIN 36 -- wCalc 0.364994 -- nRT 1554 +- 44 -- nWT 959 +- 37 -- wMeas 0.381559 +- 0.0114164

BIN 37 -- wCalc 0.374978 -- nRT 1683 +- 46 -- nWT 921 +- 40 -- wMeas 0.353775 +- 0.0118867

BIN 38 -- wCalc 0.384898 -- nRT 1533 +- 43 -- nWT 929 +- 40 -- wMeas 0.377403 +- 0.0122037

BIN 39 -- wCalc 0.395 -- nRT 1383 +- 42 -- nWT 888 +- 39 -- wMeas 0.390955 +- 0.0128941

BIN 40 -- wCalc 0.404918 -- nRT 1418 +- 45 -- nWT 892 +- 36 -- wMeas 0.386289 +- 0.0123103

BIN 41 -- wCalc 0.415031 -- nRT 1406 +- 42 -- nWT 882 +- 35 -- wMeas 0.385542 +- 0.0118583

BIN 42 -- wCalc 0.424933 -- nRT 1317 +- 42 -- nWT 923 +- 36 -- wMeas 0.41217 +- 0.0122812

BIN 43 -- wCalc 0.434957 -- nRT 1293 +- 46 -- nWT 945 +- 41 -- wMeas 0.422448 +- 0.0137632

BIN 44 -- wCalc 0.445105 -- nRT 1316 +- 43 -- nWT 1057 +- 38 -- wMeas 0.445511 +- 0.0120813

BIN 45 -- wCalc 0.455069 -- nRT 1345 +- 42 -- nWT 1161 +- 40 -- wMeas 0.463239 +- 0.011756

BIN 46 -- wCalc 0.464924 -- nRT 1457 +- 44 -- nWT 1306 +- 43 -- wMeas 0.472639 +- 0.0112551

BIN 47 -- wCalc 0.474761 -- nRT 1241 +- 40 -- nWT 1163 +- 44 -- wMeas 0.483679 +- 0.0126326

BIN 48 -- wCalc 0.484727 -- nRT 806 +- 32 -- nWT 762 +- 32 -- wMeas 0.4861 +- 0.014757

BIN 49 -- wCalc 0.494583 -- nRT 574 +- 27 -- nWT 537 +- 28 -- wMeas 0.483237 +- 0.0176504

BIN 50 -- wCalc 0.504943 -- nRT 382 +- 22 -- nWT 461 +- 25 -- wMeas 0.546344 +- 0.0201204

BIN 51 -- wCalc 0.515043 -- nRT 339 +- 21 -- nWT 332 +- 23 -- wMeas 0.494632 +- 0.0237153

BIN 52 -- wCalc 0.524921 -- nRT 252 +- 18 -- nWT 321 +- 21 -- wMeas 0.560272 +- 0.0246244

BIN 53 -- wCalc 0.534924 -- nRT 215 +- 16 -- nWT 258 +- 19 -- wMeas 0.545979 +- 0.0269776

BIN 54 -- wCalc 0.544801 -- nRT 189 +- 15 -- nWT 248 +- 19 -- wMeas 0.568196 +- 0.0276237

BIN 55 -- wCalc 0.554967 -- nRT 156 +- 14 -- nWT 226 +- 18 -- wMeas 0.591595 +- 0.0294591

BIN 56 -- wCalc 0.564952 -- nRT 150 +- 13 -- nWT 172 +- 16 -- wMeas 0.534304 +- 0.032923

BIN 57 -- wCalc 0.574974 -- nRT 112 +- 12 -- nWT 200 +- 16 -- wMeas 0.639445 +- 0.0310629

BIN 58 -- wCalc 0.584902 -- nRT 112 +- 11 -- nWT 159 +- 14 -- wMeas 0.586929 +- 0.0339021

BIN 59 -- wCalc 0.594957 -- nRT 118 +- 12 -- nWT 160 +- 14 -- wMeas 0.575729 +- 0.0337966

BIN 60 -- wCalc 0.604587 -- nRT 87 +- 10 -- nWT 169 +- 14 -- wMeas 0.659196 +- 0.0331024

BIN 61 -- wCalc 0.614993 -- nRT 80 +- 10 -- nWT 112 +- 11 -- wMeas 0.582774 +- 0.0403517

BIN 62 -- wCalc 0.624709 -- nRT 84 +- 10 -- nWT 114 +- 12 -- wMeas 0.575896 +- 0.0391747

BIN 63 -- wCalc 0.63492 -- nRT 63 +- 8 -- nWT 109 +- 11 -- wMeas 0.634114 +- 0.0407922

BIN 64 -- wCalc 0.644693 -- nRT 57 +- 8 -- nWT 86 +- 10 -- wMeas 0.600551 +- 0.0466037

BIN 65 -- wCalc 0.654775 -- nRT 40 +- 7 -- nWT 85 +- 10 -- wMeas 0.678098 +- 0.049106

BIN 66 -- wCalc 0.664953 -- nRT 45 +- 7 -- nWT 67 +- 8 -- wMeas 0.598466 +- 0.0516047

BIN 67 -- wCalc 0.67494 -- nRT 28 +- 6 -- nWT 76 +- 9 -- wMeas 0.724333 +- 0.0501903

BIN 68 -- wCalc 0.684939 -- nRT 36 +- 6 -- nWT 66 +- 8 -- wMeas 0.642166 +- 0.0517706

BIN 69 -- wCalc 0.694782 -- nRT 42 +- 7 -- nWT 59 +- 8 -- wMeas 0.579808 +- 0.0546462

BIN 70 -- wCalc 0.704572 -- nRT 14 +- 4 -- nWT 56 +- 8 -- wMeas 0.796481 +- 0.054743

BIN 71 -- wCalc 0.714858 -- nRT 18 +- 4 -- nWT 53 +- 7 -- wMeas 0.744818 +- 0.0540518

BIN 72 -- wCalc 0.725359 -- nRT 12 +- 4 -- nWT 44 +- 7 -- wMeas 0.778003 +- 0.0663388

BIN 73 -- wCalc 0.734812 -- nRT 25 +- 5 -- nWT 47 +- 7 -- wMeas 0.646884 +- 0.0609538

BIN 74 -- wCalc 0.744348 -- nRT 14 +- 4 -- nWT 39 +- 6 -- wMeas 0.735935 +- 0.0663048

BIN 75 -- wCalc 0.754746 -- nRT 19 +- 4 -- nWT 35 +- 6 -- wMeas 0.652471 +- 0.0658684

BIN 76 -- wCalc 0.764674 -- nRT 17 +- 4 -- nWT 30 +- 5 -- wMeas 0.628711 +- 0.0762577

BIN 77 -- wCalc 0.774856 -- nRT 12 +- 3 -- nWT 18 +- 4 -- wMeas 0.605396 +- 0.0923049


Per-event-mistag power (calibrated bins) = 9.70519% (+29.3859%)


 FCN=102.267 FROM MIGRAD    STATUS=CONVERGED      35 CALLS          36 TOTAL
                     EDM=2.4613e-22    STRATEGY= 1      ERROR MATRIX ACCURATE 
  EXT PARAMETER                                   STEP         FIRST   
  NO.   NAME      VALUE            ERROR          SIZE      DERIVATIVE 
   1  p0           2.92889e-03   3.80347e-03   7.89684e-06  -1.34967e-08
   2  p1           9.87412e-01   1.22246e-02   2.53809e-05  -3.35942e-09

q = 0.00292889 +- 0.00380347 [0.770057 s.d.]
m = 0.987412 +- 0.0122246 [1.02975 s.d.]
(int) 1
