
Processing fitMVAv2.C+("ntuples/ntuBuData2018.root")...
----- Parameters -----
file_ = ntuples/ntuBuData2018.root
method_ = DNNOsMuonHLTJpsiMu
useTightSelection_ = 1
nEvents_ = -1
nBinCal_ = 100

----- BEGIN CODE
----- FILE OPEN
----- BOOKING COMPLETED
----- BEGIN LOOP
----- at event 1/18257123
----- at event 1000001/18257123
----- at event 2000001/18257123
----- at event 3000001/18257123
----- at event 4000001/18257123
----- at event 5000001/18257123
----- at event 6000001/18257123
----- at event 7000001/18257123
----- at event 8000001/18257123
----- at event 9000001/18257123
----- at event 10000001/18257123
----- at event 11000001/18257123
----- at event 12000001/18257123
----- at event 13000001/18257123
----- at event 14000001/18257123
----- at event 15000001/18257123
----- at event 16000001/18257123
----- at event 17000001/18257123
----- at event 18000001/18257123

----- EVENTS LOOP ENDED
nTot 390379
nRT 137140
nWT 61321.5
nNT 191853

Base efficiency = 50.8466%
Base mistag = 30.8984%
Base power = 7.42099%

Per-event-mistag power (not calibrated) = 16.6488% (+124.347%)

BIN 4 -- wCalc 0.0462287 -- nRT 23 +- 4 -- nWT 4 +- 2 -- wMeas 0.145614 +- 0.0674605

BIN 5 -- wCalc 0.0556219 -- nRT 89 +- 10 -- nWT 11 +- 4 -- wMeas 0.111127 +- 0.0369414

BIN 6 -- wCalc 0.0657012 -- nRT 175 +- 14 -- nWT 27 +- 6 -- wMeas 0.13748 +- 0.0293346

BIN 7 -- wCalc 0.0753023 -- nRT 341 +- 19 -- nWT 20 +- 6 -- wMeas 0.0571924 +- 0.0180985

BIN 8 -- wCalc 0.0850776 -- nRT 504 +- 24 -- nWT 57 +- 9 -- wMeas 0.101742 +- 0.0163991

BIN 9 -- wCalc 0.0952337 -- nRT 735 +- 29 -- nWT 84 +- 11 -- wMeas 0.102691 +- 0.0134562

BIN 10 -- wCalc 0.105419 -- nRT 1025 +- 34 -- nWT 110 +- 15 -- wMeas 0.0972215 +- 0.0128794

BIN 11 -- wCalc 0.115464 -- nRT 1782 +- 46 -- nWT 253 +- 20 -- wMeas 0.12435 +- 0.00941787

BIN 12 -- wCalc 0.125436 -- nRT 3106 +- 66 -- nWT 484 +- 29 -- wMeas 0.134983 +- 0.00755617

BIN 13 -- wCalc 0.135178 -- nRT 4694 +- 78 -- nWT 816 +- 37 -- wMeas 0.148169 +- 0.00612492

BIN 14 -- wCalc 0.144979 -- nRT 4689 +- 76 -- nWT 832 +- 37 -- wMeas 0.150765 +- 0.00610325

BIN 15 -- wCalc 0.154962 -- nRT 4352 +- 76 -- nWT 861 +- 38 -- wMeas 0.165194 +- 0.00659282

BIN 16 -- wCalc 0.164998 -- nRT 3977 +- 72 -- nWT 915 +- 47 -- wMeas 0.1871 +- 0.00840089

BIN 17 -- wCalc 0.174932 -- nRT 4061 +- 70 -- nWT 896 +- 40 -- wMeas 0.180729 +- 0.00715812

COV STATUS of hMassCalWT18 --> 2
BIN 18 -- wCalc 0.185047 -- nRT 3893 +- 71 -- nWT 908 +- 36 -- wMeas 0.189128 +- 0.00684447

BIN 19 -- wCalc 0.195039 -- nRT 3987 +- 76 -- nWT 1007 +- 45 -- wMeas 0.201727 +- 0.00791347

BIN 20 -- wCalc 0.205052 -- nRT 4160 +- 77 -- nWT 1048 +- 48 -- wMeas 0.20133 +- 0.00799106

BIN 21 -- wCalc 0.215096 -- nRT 4368 +- 77 -- nWT 1228 +- 45 -- wMeas 0.219534 +- 0.00708045

BIN 22 -- wCalc 0.225095 -- nRT 4936 +- 78 -- nWT 1347 +- 55 -- wMeas 0.214472 +- 0.00748199

BIN 23 -- wCalc 0.235044 -- nRT 5085 +- 80 -- nWT 1665 +- 51 -- wMeas 0.246701 +- 0.00650674

BIN 24 -- wCalc 0.245017 -- nRT 5054 +- 81 -- nWT 1654 +- 56 -- wMeas 0.246561 +- 0.00703114

BIN 25 -- wCalc 0.254956 -- nRT 5010 +- 85 -- nWT 1740 +- 57 -- wMeas 0.257783 +- 0.00713395

BIN 26 -- wCalc 0.264963 -- nRT 4755 +- 78 -- nWT 1719 +- 52 -- wMeas 0.265556 +- 0.00677808

BIN 27 -- wCalc 0.275002 -- nRT 4580 +- 79 -- nWT 1767 +- 53 -- wMeas 0.278476 +- 0.00696362

BIN 28 -- wCalc 0.284907 -- nRT 4143 +- 75 -- nWT 1667 +- 53 -- wMeas 0.286945 +- 0.0075089

BIN 29 -- wCalc 0.294933 -- nRT 3921 +- 75 -- nWT 1712 +- 55 -- wMeas 0.303984 +- 0.00803104

BIN 30 -- wCalc 0.304938 -- nRT 3623 +- 71 -- nWT 1683 +- 53 -- wMeas 0.31727 +- 0.00812099

BIN 31 -- wCalc 0.314892 -- nRT 3330 +- 66 -- nWT 1660 +- 55 -- wMeas 0.332643 +- 0.00861797

BIN 32 -- wCalc 0.324933 -- nRT 3270 +- 68 -- nWT 1446 +- 50 -- wMeas 0.306611 +- 0.00867441

BIN 33 -- wCalc 0.334949 -- nRT 2915 +- 64 -- nWT 1571 +- 49 -- wMeas 0.350182 +- 0.00880202

BIN 34 -- wCalc 0.344989 -- nRT 2836 +- 60 -- nWT 1526 +- 51 -- wMeas 0.349849 +- 0.00904485

BIN 35 -- wCalc 0.355001 -- nRT 2600 +- 58 -- nWT 1482 +- 53 -- wMeas 0.363068 +- 0.00977063

BIN 36 -- wCalc 0.36495 -- nRT 2508 +- 60 -- nWT 1495 +- 46 -- wMeas 0.373515 +- 0.00921683

BIN 37 -- wCalc 0.374911 -- nRT 2489 +- 56 -- nWT 1435 +- 51 -- wMeas 0.365749 +- 0.00990498

BIN 38 -- wCalc 0.385016 -- nRT 2490 +- 59 -- nWT 1557 +- 48 -- wMeas 0.384678 +- 0.00926071

BIN 39 -- wCalc 0.395037 -- nRT 2448 +- 60 -- nWT 1491 +- 46 -- wMeas 0.378564 +- 0.00933997

BIN 40 -- wCalc 0.405004 -- nRT 2352 +- 55 -- nWT 1554 +- 51 -- wMeas 0.397886 +- 0.00980863

BIN 41 -- wCalc 0.415033 -- nRT 2451 +- 56 -- nWT 1587 +- 47 -- wMeas 0.393026 +- 0.00906861

BIN 42 -- wCalc 0.425046 -- nRT 2471 +- 57 -- nWT 1904 +- 51 -- wMeas 0.435275 +- 0.00877249

BIN 43 -- wCalc 0.435108 -- nRT 2778 +- 61 -- nWT 2125 +- 54 -- wMeas 0.433426 +- 0.00830224

BIN 44 -- wCalc 0.445007 -- nRT 3065 +- 68 -- nWT 2534 +- 64 -- wMeas 0.452531 +- 0.00842329

BIN 45 -- wCalc 0.454805 -- nRT 2831 +- 62 -- nWT 2385 +- 64 -- wMeas 0.457299 +- 0.00867936

BIN 46 -- wCalc 0.46467 -- nRT 1969 +- 51 -- nWT 1973 +- 56 -- wMeas 0.500568 +- 0.00972327

BIN 47 -- wCalc 0.474748 -- nRT 1405 +- 46 -- nWT 1318 +- 47 -- wMeas 0.483993 +- 0.0121833

BIN 48 -- wCalc 0.484793 -- nRT 1001 +- 39 -- nWT 1009 +- 37 -- wMeas 0.502001 +- 0.0135094

BIN 49 -- wCalc 0.494774 -- nRT 797 +- 33 -- nWT 829 +- 32 -- wMeas 0.509721 +- 0.0144027

BIN 50 -- wCalc 0.504836 -- nRT 593 +- 28 -- nWT 735 +- 31 -- wMeas 0.553316 +- 0.0158341

BIN 51 -- wCalc 0.514962 -- nRT 484 +- 25 -- nWT 608 +- 28 -- wMeas 0.556747 +- 0.0172714

BIN 52 -- wCalc 0.524713 -- nRT 406 +- 23 -- nWT 449 +- 24 -- wMeas 0.525019 +- 0.0198938

BIN 53 -- wCalc 0.534883 -- nRT 339 +- 21 -- nWT 458 +- 24 -- wMeas 0.574515 +- 0.0204117

BIN 54 -- wCalc 0.544983 -- nRT 274 +- 19 -- nWT 357 +- 22 -- wMeas 0.565821 +- 0.023244

BIN 55 -- wCalc 0.555032 -- nRT 223 +- 17 -- nWT 314 +- 20 -- wMeas 0.584923 +- 0.0249782

BIN 56 -- wCalc 0.564919 -- nRT 172 +- 15 -- nWT 322 +- 20 -- wMeas 0.651286 +- 0.0252727

BIN 57 -- wCalc 0.574924 -- nRT 164 +- 15 -- nWT 245 +- 18 -- wMeas 0.598291 +- 0.0284947

BIN 58 -- wCalc 0.585015 -- nRT 152 +- 14 -- nWT 271 +- 17 -- wMeas 0.640568 +- 0.0266354

BIN 59 -- wCalc 0.594808 -- nRT 130 +- 13 -- nWT 230 +- 17 -- wMeas 0.639284 +- 0.0289484

BIN 60 -- wCalc 0.604925 -- nRT 117 +- 12 -- nWT 205 +- 16 -- wMeas 0.634821 +- 0.0307826

BIN 61 -- wCalc 0.615078 -- nRT 98 +- 11 -- nWT 187 +- 14 -- wMeas 0.656703 +- 0.0310688

BIN 62 -- wCalc 0.624801 -- nRT 83 +- 10 -- nWT 151 +- 13 -- wMeas 0.645294 +- 0.0356585

BIN 63 -- wCalc 0.634814 -- nRT 58 +- 8 -- nWT 143 +- 13 -- wMeas 0.70945 +- 0.036567

BIN 64 -- wCalc 0.645062 -- nRT 88 +- 10 -- nWT 136 +- 12 -- wMeas 0.606105 +- 0.0355414

BIN 65 -- wCalc 0.655033 -- nRT 57 +- 8 -- nWT 122 +- 12 -- wMeas 0.679283 +- 0.0391739

BIN 66 -- wCalc 0.665125 -- nRT 50 +- 7 -- nWT 100 +- 11 -- wMeas 0.666294 +- 0.0426615

BIN 67 -- wCalc 0.674938 -- nRT 40 +- 7 -- nWT 87 +- 10 -- wMeas 0.682684 +- 0.0464796

BIN 68 -- wCalc 0.685074 -- nRT 33 +- 6 -- nWT 91 +- 10 -- wMeas 0.732902 +- 0.0451457

BIN 69 -- wCalc 0.6947 -- nRT 32 +- 6 -- nWT 88 +- 10 -- wMeas 0.731341 +- 0.0448804

BIN 70 -- wCalc 0.705102 -- nRT 31 +- 6 -- nWT 51 +- 7 -- wMeas 0.622863 +- 0.0594768

BIN 71 -- wCalc 0.71484 -- nRT 12 +- 3 -- nWT 51 +- 7 -- wMeas 0.808538 +- 0.0529166

BIN 72 -- wCalc 0.724612 -- nRT 13 +- 4 -- nWT 40 +- 7 -- wMeas 0.747909 +- 0.0674738

BIN 73 -- wCalc 0.734962 -- nRT 11 +- 3 -- nWT 34 +- 6 -- wMeas 0.757787 +- 0.069524

BIN 74 -- wCalc 0.744724 -- nRT 12 +- 3 -- nWT 32 +- 6 -- wMeas 0.730353 +- 0.0679515

BIN 75 -- wCalc 0.755019 -- nRT 17 +- 4 -- nWT 30 +- 5 -- wMeas 0.632347 +- 0.0744591

BIN 76 -- wCalc 0.764703 -- nRT 15 +- 3 -- nWT 15 +- 4 -- wMeas 0.503374 +- 0.096285

BIN 78 -- wCalc 0.784585 -- nRT 4 +- 2 -- nWT 15 +- 4 -- wMeas 0.792019 +- 0.0930657


Per-event-mistag power (calibrated bins) = 10.4861% +- 0 (+41.3033%)


 FCN=125.035 FROM MIGRAD    STATUS=CONVERGED      35 CALLS          36 TOTAL
                     EDM=8.98352e-21    STRATEGY= 1      ERROR MATRIX ACCURATE 
  EXT PARAMETER                                   STEP         FIRST   
  NO.   NAME      VALUE            ERROR          SIZE      DERIVATIVE 
   1  p0           3.14515e-03   3.08218e-03   6.81571e-06  -5.73379e-08
   2  p1           1.01093e+00   9.93652e-03   2.19729e-05  -4.85058e-09

q = 0.00314515 +- 0.00308218 [1.02043 s.d.]
m = 1.01093 +- 0.00993652 [1.0998 s.d.]
(int) 1
