
Processing fitMVAv2.C+("ntuples/ntuBuMC2017.root")...
----- Parameters -----
file_ = ntuples/ntuBuMC2017.root
method_ = DNNOsMuonHLTJpsiMu
useTightSelection_ = 1
nEvents_ = -1
nBinCal_ = 100

----- BEGIN CODE
----- FILE OPEN
----- BOOKING COMPLETED
----- BEGIN LOOP
----- at event 0
----- at event 100000
----- at event 200000

----- EVENTS LOOP ENDED
nTot 165902
nRT 50288
nWT 24111
nNT 91503

Base efficiency = 44.8451%
Base mistag = 32.4077%
Base power = 5.55164%

Per-event-mistag power (not calibrated) = 9.46371% (+70.467%)

BIN 3 -- wCalc 0.0399932 -- nRT 1 +- 1 -- nWT 0 +- 0 -- wMeas 0 +- 0.278099

BIN 4 -- wCalc 0.0458038 -- nRT 16 +- 4 -- nWT 1 +- 1 -- wMeas 0.0588235 +- 0.0651464

BIN 5 -- wCalc 0.0572431 -- nRT 26 +- 5 -- nWT 4 +- 2 -- wMeas 0.133333 +- 0.0632698

BIN 6 -- wCalc 0.0661208 -- nRT 85 +- 9 -- nWT 14 +- 3 -- wMeas 0.141414 +- 0.0352109

BIN 7 -- wCalc 0.0751434 -- nRT 205 +- 14 -- nWT 13 +- 3 -- wMeas 0.059633 +- 0.0162524

BIN 8 -- wCalc 0.0853762 -- nRT 276 +- 16 -- nWT 17 +- 4 -- wMeas 0.0580205 +- 0.0137992

BIN 9 -- wCalc 0.0955162 -- nRT 372 +- 19 -- nWT 34 +- 5 -- wMeas 0.0837438 +- 0.0138067

BIN 10 -- wCalc 0.105133 -- nRT 506 +- 22 -- nWT 53 +- 7 -- wMeas 0.0948122 +- 0.0124221

BIN 11 -- wCalc 0.115402 -- nRT 744 +- 27 -- nWT 100 +- 10 -- wMeas 0.118483 +- 0.0111363

BIN 12 -- wCalc 0.125622 -- nRT 1306 +- 36 -- nWT 231 +- 15 -- wMeas 0.150293 +- 0.00911812

BIN 13 -- wCalc 0.135074 -- nRT 2091 +- 45 -- nWT 314 +- 17 -- wMeas 0.130561 +- 0.00687235

BIN 14 -- wCalc 0.144853 -- nRT 1707 +- 41 -- nWT 300 +- 17 -- wMeas 0.149477 +- 0.00796098

BIN 15 -- wCalc 0.154995 -- nRT 1471 +- 38 -- nWT 304 +- 17 -- wMeas 0.171268 +- 0.00894373

BIN 16 -- wCalc 0.164881 -- nRT 1418 +- 37 -- nWT 316 +- 17 -- wMeas 0.182238 +- 0.00927175

BIN 17 -- wCalc 0.174978 -- nRT 1461 +- 38 -- nWT 305 +- 17 -- wMeas 0.172707 +- 0.00899621

BIN 18 -- wCalc 0.185102 -- nRT 1505 +- 38 -- nWT 337 +- 18 -- wMeas 0.182953 +- 0.00900946

BIN 19 -- wCalc 0.195045 -- nRT 1497 +- 38 -- nWT 363 +- 19 -- wMeas 0.195161 +- 0.00919021

BIN 20 -- wCalc 0.20505 -- nRT 1535 +- 39 -- nWT 385 +- 19 -- wMeas 0.200521 +- 0.00913809

BIN 21 -- wCalc 0.214917 -- nRT 1704 +- 41 -- nWT 471 +- 21 -- wMeas 0.216552 +- 0.00883203

BIN 22 -- wCalc 0.224978 -- nRT 1574 +- 39 -- nWT 469 +- 21 -- wMeas 0.229564 +- 0.00930416

BIN 23 -- wCalc 0.235018 -- nRT 1648 +- 40 -- nWT 516 +- 22 -- wMeas 0.238447 +- 0.00916014

BIN 24 -- wCalc 0.244992 -- nRT 1561 +- 39 -- nWT 521 +- 22 -- wMeas 0.25024 +- 0.00949235

BIN 25 -- wCalc 0.255092 -- nRT 1474 +- 38 -- nWT 560 +- 23 -- wMeas 0.27532 +- 0.00990314

BIN 26 -- wCalc 0.26495 -- nRT 1414 +- 37 -- nWT 580 +- 24 -- wMeas 0.290873 +- 0.0101695

BIN 27 -- wCalc 0.274942 -- nRT 1347 +- 36 -- nWT 493 +- 22 -- wMeas 0.267935 +- 0.0103237

BIN 28 -- wCalc 0.285011 -- nRT 1357 +- 36 -- nWT 550 +- 23 -- wMeas 0.288411 +- 0.0103727

BIN 29 -- wCalc 0.294847 -- nRT 1336 +- 36 -- nWT 573 +- 23 -- wMeas 0.300157 +- 0.0104884

BIN 30 -- wCalc 0.305136 -- nRT 1266 +- 35 -- nWT 630 +- 25 -- wMeas 0.332278 +- 0.0108157

BIN 31 -- wCalc 0.31488 -- nRT 1225 +- 35 -- nWT 574 +- 23 -- wMeas 0.319066 +- 0.0109876

BIN 32 -- wCalc 0.324912 -- nRT 1138 +- 33 -- nWT 650 +- 25 -- wMeas 0.363535 +- 0.0113732

BIN 33 -- wCalc 0.335094 -- nRT 1153 +- 33 -- nWT 605 +- 24 -- wMeas 0.344141 +- 0.0113286

BIN 34 -- wCalc 0.345066 -- nRT 1054 +- 32 -- nWT 588 +- 24 -- wMeas 0.3581 +- 0.011829

BIN 35 -- wCalc 0.354999 -- nRT 1037 +- 32 -- nWT 593 +- 24 -- wMeas 0.363804 +- 0.0119133

BIN 36 -- wCalc 0.365026 -- nRT 983 +- 31 -- nWT 650 +- 25 -- wMeas 0.39804 +- 0.0121099

BIN 37 -- wCalc 0.374953 -- nRT 1023 +- 31 -- nWT 610 +- 24 -- wMeas 0.373546 +- 0.0119679

BIN 38 -- wCalc 0.384992 -- nRT 974 +- 31 -- nWT 628 +- 25 -- wMeas 0.39201 +- 0.0121942

BIN 39 -- wCalc 0.394938 -- nRT 996 +- 31 -- nWT 665 +- 25 -- wMeas 0.400361 +- 0.0120192

BIN 40 -- wCalc 0.404885 -- nRT 824 +- 28 -- nWT 674 +- 25 -- wMeas 0.449933 +- 0.0128497

BIN 41 -- wCalc 0.415108 -- nRT 870 +- 29 -- nWT 645 +- 25 -- wMeas 0.425743 +- 0.0126997

BIN 42 -- wCalc 0.425084 -- nRT 826 +- 28 -- nWT 659 +- 25 -- wMeas 0.443771 +- 0.0128887

BIN 43 -- wCalc 0.435081 -- nRT 786 +- 28 -- nWT 692 +- 26 -- wMeas 0.4682 +- 0.0129753

BIN 44 -- wCalc 0.445149 -- nRT 854 +- 29 -- nWT 700 +- 26 -- wMeas 0.45045 +- 0.0126175

BIN 45 -- wCalc 0.454965 -- nRT 975 +- 31 -- nWT 836 +- 28 -- wMeas 0.461623 +- 0.0117117

BIN 46 -- wCalc 0.465095 -- nRT 1063 +- 32 -- nWT 997 +- 31 -- wMeas 0.483981 +- 0.0110082

BIN 47 -- wCalc 0.474704 -- nRT 909 +- 30 -- nWT 903 +- 30 -- wMeas 0.498344 +- 0.011743

BIN 48 -- wCalc 0.48469 -- nRT 540 +- 23 -- nWT 568 +- 23 -- wMeas 0.512635 +- 0.0150098

BIN 49 -- wCalc 0.49464 -- nRT 373 +- 19 -- nWT 418 +- 20 -- wMeas 0.528445 +- 0.0177384

BIN 50 -- wCalc 0.50481 -- nRT 247 +- 15 -- nWT 312 +- 17 -- wMeas 0.55814 +- 0.0209865

BIN 51 -- wCalc 0.514634 -- nRT 207 +- 14 -- nWT 308 +- 17 -- wMeas 0.598058 +- 0.021586

BIN 52 -- wCalc 0.524963 -- nRT 168 +- 12 -- nWT 230 +- 15 -- wMeas 0.577889 +- 0.0247278

BIN 53 -- wCalc 0.534858 -- nRT 142 +- 11 -- nWT 217 +- 14 -- wMeas 0.604457 +- 0.0257746

BIN 54 -- wCalc 0.545147 -- nRT 114 +- 10 -- nWT 159 +- 12 -- wMeas 0.582418 +- 0.0297966

BIN 55 -- wCalc 0.554823 -- nRT 120 +- 10 -- nWT 195 +- 13 -- wMeas 0.619048 +- 0.0273241

BIN 56 -- wCalc 0.565126 -- nRT 113 +- 10 -- nWT 145 +- 12 -- wMeas 0.562016 +- 0.0308311

BIN 57 -- wCalc 0.574978 -- nRT 72 +- 8 -- nWT 147 +- 12 -- wMeas 0.671233 +- 0.0316913

BIN 58 -- wCalc 0.585032 -- nRT 78 +- 8 -- nWT 142 +- 11 -- wMeas 0.645455 +- 0.0321931

BIN 59 -- wCalc 0.594483 -- nRT 78 +- 8 -- nWT 115 +- 10 -- wMeas 0.595855 +- 0.0352397

BIN 60 -- wCalc 0.604811 -- nRT 49 +- 7 -- nWT 129 +- 11 -- wMeas 0.724719 +- 0.0334324

BIN 61 -- wCalc 0.61556 -- nRT 40 +- 6 -- nWT 84 +- 9 -- wMeas 0.677419 +- 0.0418601

BIN 62 -- wCalc 0.624676 -- nRT 48 +- 6 -- nWT 83 +- 9 -- wMeas 0.633588 +- 0.0419626

BIN 63 -- wCalc 0.63516 -- nRT 45 +- 6 -- nWT 102 +- 10 -- wMeas 0.693878 +- 0.0379301

BIN 64 -- wCalc 0.645185 -- nRT 30 +- 5 -- nWT 59 +- 7 -- wMeas 0.662921 +- 0.0498947

BIN 65 -- wCalc 0.654533 -- nRT 37 +- 6 -- nWT 64 +- 8 -- wMeas 0.633663 +- 0.0477424

BIN 66 -- wCalc 0.664671 -- nRT 28 +- 5 -- nWT 62 +- 7 -- wMeas 0.688889 +- 0.0486194

BIN 67 -- wCalc 0.67486 -- nRT 29 +- 5 -- nWT 62 +- 7 -- wMeas 0.681319 +- 0.0486607

BIN 68 -- wCalc 0.684677 -- nRT 29 +- 5 -- nWT 55 +- 7 -- wMeas 0.654762 +- 0.0516343

BIN 69 -- wCalc 0.694486 -- nRT 20 +- 4 -- nWT 48 +- 6 -- wMeas 0.705882 +- 0.0550153

BIN 70 -- wCalc 0.704408 -- nRT 15 +- 3 -- nWT 36 +- 6 -- wMeas 0.705882 +- 0.0634332

BIN 71 -- wCalc 0.715769 -- nRT 11 +- 3 -- nWT 36 +- 6 -- wMeas 0.765957 +- 0.0616088

BIN 72 -- wCalc 0.725216 -- nRT 9 +- 3 -- nWT 27 +- 5 -- wMeas 0.75 +- 0.0718183

BIN 73 -- wCalc 0.735497 -- nRT 11 +- 3 -- nWT 24 +- 4 -- wMeas 0.685714 +- 0.0777119

BIN 74 -- wCalc 0.743856 -- nRT 9 +- 3 -- nWT 22 +- 4 -- wMeas 0.709677 +- 0.0807676

BIN 75 -- wCalc 0.755508 -- nRT 8 +- 2 -- nWT 31 +- 5 -- wMeas 0.794872 +- 0.0646821

BIN 76 -- wCalc 0.765402 -- nRT 8 +- 2 -- nWT 18 +- 4 -- wMeas 0.692308 +- 0.0893838

BIN 77 -- wCalc 0.775496 -- nRT 3 +- 1 -- nWT 23 +- 4 -- wMeas 0.884615 +- 0.0646446

BIN 78 -- wCalc 0.78476 -- nRT 5 +- 2 -- nWT 13 +- 3 -- wMeas 0.722222 +- 0.104046

BIN 79 -- wCalc 0.795007 -- nRT 1 +- 1 -- nWT 14 +- 3 -- wMeas 0.933333 +- 0.072872

BIN 80 -- wCalc 0.806141 -- nRT 3 +- 1 -- nWT 10 +- 3 -- wMeas 0.769231 +- 0.11573

BIN 81 -- wCalc 0.815623 -- nRT 0 +- 0 -- nWT 9 +- 3 -- wMeas 1 +- 0.0594624

BIN 82 -- wCalc 0.823764 -- nRT 1 +- 1 -- nWT 4 +- 2 -- wMeas 0.8 +- 0.17678

BIN 83 -- wCalc 0.835068 -- nRT 0 +- 0 -- nWT 6 +- 2 -- wMeas 1 +- 0.0843877

BIN 84 -- wCalc 0.844158 -- nRT 0 +- 0 -- nWT 6 +- 2 -- wMeas 1 +- 0.0843877

BIN 85 -- wCalc 0.853361 -- nRT 2 +- 1 -- nWT 1 +- 1 -- wMeas 0.333333 +- 0.242066

BIN 86 -- wCalc 0.864919 -- nRT 2 +- 1 -- nWT 4 +- 2 -- wMeas 0.666667 +- 0.181108


Per-event-mistag power (calibrated bins) = 9.06785% (+63.3365%)


 FCN=110.7 FROM MIGRAD    STATUS=CONVERGED      50 CALLS          51 TOTAL
                     EDM=9.33028e-09    STRATEGY= 1      ERROR MATRIX ACCURATE 
  EXT PARAMETER                                   STEP         FIRST   
  NO.   NAME      VALUE            ERROR          SIZE      DERIVATIVE 
   1  p0          -7.06056e-03   3.65396e-03   8.17260e-06   5.47075e-02
   2  p1           1.06556e+00   1.18033e-02   2.63997e-05   6.31466e-03

q = -0.00706056 +- 0.00365396 [1.93231 s.d.]
m = 1.06556 +- 0.0118033 [5.55422 s.d.]
(int) 1
